<?xml version="1.0" encoding="UTF-8"?>
<!-- Generated by org.testng.reporters.JUnitReportReporter -->
<testsuite hostname="Nancy" failures="0" tests="1" name="session7_TestNG.Practice" time="58.145" errors="0" timestamp="2023-12-04T18:26:11 CST" skipped="0">
  <testcase classname="session7_TestNG.Practice" name="addCustomer" time="58.145"/>
  <system-out/>
</testsuite> <!-- session7_TestNG.Practice -->
